[2019-01-05 16:19:51,592][    INFO] --- url: /passport/web/auth/uamtk
入参: {'appid': 'otn'}
请求方式: post
 (logger.py:61)
[2019-01-05 16:19:51,755][    INFO] --- 出参：{"result_message":"用户未登录","result_code":1} (logger.py:61)
[2019-01-05 16:19:51,756][    INFO] --- url: /passport/captcha/captcha-check
入参: {'answer': '', 'rand': 'sjrand', 'login_site': 'E'}
请求方式: post
 (logger.py:61)
[2019-01-05 16:19:51,926][    INFO] --- 出参：{"result_message":"验证码校验失败,信息为空","result_code":"8"} (logger.py:61)
[2019-01-05 16:19:53,828][    INFO] --- url: /passport/web/auth/uamtk
入参: {'appid': 'otn'}
请求方式: post
 (logger.py:61)
[2019-01-05 16:19:54,111][    INFO] --- 出参：{"result_message":"用户未登录","result_code":1} (logger.py:61)
[2019-01-05 16:19:54,111][    INFO] --- url: /passport/captcha/captcha-check
入参: {'answer': '', 'rand': 'sjrand', 'login_site': 'E'}
请求方式: post
 (logger.py:61)
[2019-01-05 16:19:54,403][    INFO] --- 出参：{"result_message":"验证码校验失败,信息为空","result_code":"8"} (logger.py:61)
[2019-01-05 16:23:11,601][    INFO] --- url: /passport/web/auth/uamtk
入参: {'appid': 'otn'}
请求方式: post
 (logger.py:61)
[2019-01-05 16:23:11,884][    INFO] --- 出参：{"result_message":"用户未登录","result_code":1} (logger.py:61)
[2019-01-05 16:23:11,884][    INFO] --- url: /passport/captcha/captcha-check
入参: {'answer': '', 'rand': 'sjrand', 'login_site': 'E'}
请求方式: post
 (logger.py:61)
[2019-01-05 16:23:12,043][    INFO] --- 出参：{"result_message":"验证码校验失败,信息为空","result_code":"8"} (logger.py:61)
[2019-01-05 16:23:14,150][    INFO] --- url: /passport/web/auth/uamtk
入参: {'appid': 'otn'}
请求方式: post
 (logger.py:61)
[2019-01-05 16:23:14,417][    INFO] --- 出参：{"result_message":"用户未登录","result_code":1} (logger.py:61)
[2019-01-05 16:23:14,417][    INFO] --- url: /passport/captcha/captcha-check
入参: {'answer': '', 'rand': 'sjrand', 'login_site': 'E'}
请求方式: post
 (logger.py:61)
[2019-01-05 16:23:14,581][    INFO] --- 出参：{"result_message":"验证码校验失败,信息为空","result_code":"8"} (logger.py:61)
[2019-01-05 16:26:35,085][    INFO] --- url: /passport/web/auth/uamtk
入参: {'appid': 'otn'}
请求方式: post
 (logger.py:61)
[2019-01-05 16:26:35,242][    INFO] --- 出参：{"result_message":"用户未登录","result_code":1} (logger.py:61)
[2019-01-05 16:26:35,242][    INFO] --- url: /passport/captcha/captcha-check
入参: {'answer': '', 'rand': 'sjrand', 'login_site': 'E'}
请求方式: post
 (logger.py:61)
[2019-01-05 16:26:35,404][    INFO] --- 出参：{"result_message":"验证码校验失败,信息为空","result_code":"8"} (logger.py:61)
[2019-01-05 16:26:37,418][    INFO] --- url: /passport/web/auth/uamtk
入参: {'appid': 'otn'}
请求方式: post
 (logger.py:61)
[2019-01-05 16:26:37,595][    INFO] --- 出参：{"result_message":"用户未登录","result_code":1} (logger.py:61)
[2019-01-05 16:26:37,595][    INFO] --- url: /passport/captcha/captcha-check
入参: {'answer': '', 'rand': 'sjrand', 'login_site': 'E'}
请求方式: post
 (logger.py:61)
[2019-01-05 16:26:37,756][    INFO] --- 出参：{"result_message":"验证码校验失败,信息为空","result_code":"8"} (logger.py:61)
[2019-01-05 16:26:39,645][    INFO] --- url: /passport/web/auth/uamtk
入参: {'appid': 'otn'}
请求方式: post
 (logger.py:61)
[2019-01-05 16:26:39,851][    INFO] --- 出参：{"result_message":"用户未登录","result_code":1} (logger.py:61)
[2019-01-05 16:26:39,851][    INFO] --- url: /passport/captcha/captcha-check
入参: {'answer': '', 'rand': 'sjrand', 'login_site': 'E'}
请求方式: post
 (logger.py:61)
[2019-01-05 16:26:40,013][    INFO] --- 出参：{"result_message":"验证码校验失败,信息为空","result_code":"8"} (logger.py:61)
[2019-01-05 16:26:41,979][    INFO] --- url: /passport/web/auth/uamtk
入参: {'appid': 'otn'}
请求方式: post
 (logger.py:61)
[2019-01-05 16:26:42,132][    INFO] --- 出参：{"result_message":"用户未登录","result_code":1} (logger.py:61)
[2019-01-05 16:26:42,134][    INFO] --- url: /passport/captcha/captcha-check
入参: {'answer': '', 'rand': 'sjrand', 'login_site': 'E'}
请求方式: post
 (logger.py:61)
[2019-01-05 16:26:42,407][    INFO] --- 出参：{"result_message":"验证码校验失败,信息为空","result_code":"8"} (logger.py:61)
[2019-01-05 16:26:44,398][    INFO] --- url: /passport/web/auth/uamtk
入参: {'appid': 'otn'}
请求方式: post
 (logger.py:61)
[2019-01-05 16:26:44,674][    INFO] --- 出参：{"result_message":"用户未登录","result_code":1} (logger.py:61)
[2019-01-05 16:26:44,674][    INFO] --- url: /passport/captcha/captcha-check
入参: {'answer': '', 'rand': 'sjrand', 'login_site': 'E'}
请求方式: post
 (logger.py:61)
[2019-01-05 16:26:44,884][    INFO] --- 出参：{"result_message":"验证码校验失败,信息为空","result_code":"8"} (logger.py:61)
[2019-01-05 16:26:46,878][    INFO] --- url: /passport/web/auth/uamtk
入参: {'appid': 'otn'}
请求方式: post
 (logger.py:61)
[2019-01-05 16:26:47,032][    INFO] --- 出参：{"result_message":"用户未登录","result_code":1} (logger.py:61)
[2019-01-05 16:26:47,032][    INFO] --- url: /passport/captcha/captcha-check
入参: {'answer': '', 'rand': 'sjrand', 'login_site': 'E'}
请求方式: post
 (logger.py:61)
[2019-01-05 16:26:47,194][    INFO] --- 出参：{"result_message":"验证码校验失败,信息为空","result_code":"8"} (logger.py:61)
[2019-01-05 16:26:49,187][    INFO] --- url: /passport/web/auth/uamtk
入参: {'appid': 'otn'}
请求方式: post
 (logger.py:61)
[2019-01-05 16:26:49,457][    INFO] --- 出参：{"result_message":"用户未登录","result_code":1} (logger.py:61)
[2019-01-05 16:26:49,457][    INFO] --- url: /passport/captcha/captcha-check
入参: {'answer': '', 'rand': 'sjrand', 'login_site': 'E'}
请求方式: post
 (logger.py:61)
[2019-01-05 16:26:49,614][    INFO] --- 出参：{"result_message":"验证码校验失败,信息为空","result_code":"8"} (logger.py:61)
[2019-01-05 16:26:51,461][    INFO] --- url: /passport/web/auth/uamtk
入参: {'appid': 'otn'}
请求方式: post
 (logger.py:61)
[2019-01-05 16:26:51,625][    INFO] --- 出参：{"result_message":"用户未登录","result_code":1} (logger.py:61)
[2019-01-05 16:26:51,625][    INFO] --- url: /passport/captcha/captcha-check
入参: {'answer': '', 'rand': 'sjrand', 'login_site': 'E'}
请求方式: post
 (logger.py:61)
[2019-01-05 16:26:51,786][    INFO] --- 出参：{"result_message":"验证码校验失败,信息为空","result_code":"8"} (logger.py:61)
[2019-01-05 16:26:53,750][    INFO] --- url: /passport/web/auth/uamtk
入参: {'appid': 'otn'}
请求方式: post
 (logger.py:61)
[2019-01-05 16:26:54,017][    INFO] --- 出参：{"result_message":"用户未登录","result_code":1} (logger.py:61)
[2019-01-05 16:26:54,019][    INFO] --- url: /passport/captcha/captcha-check
入参: {'answer': '', 'rand': 'sjrand', 'login_site': 'E'}
请求方式: post
 (logger.py:61)
[2019-01-05 16:26:54,176][    INFO] --- 出参：{"result_message":"验证码校验失败,信息为空","result_code":"8"} (logger.py:61)
[2019-01-05 16:26:56,023][    INFO] --- url: /passport/web/auth/uamtk
入参: {'appid': 'otn'}
请求方式: post
 (logger.py:61)
[2019-01-05 16:26:56,178][    INFO] --- 出参：{"result_message":"用户未登录","result_code":1} (logger.py:61)
[2019-01-05 16:26:56,180][    INFO] --- url: /passport/captcha/captcha-check
入参: {'answer': '', 'rand': 'sjrand', 'login_site': 'E'}
请求方式: post
 (logger.py:61)
[2019-01-05 16:26:56,476][    INFO] --- 出参：{"result_message":"验证码校验失败,信息为空","result_code":"8"} (logger.py:61)
[2019-01-05 16:26:58,469][    INFO] --- url: /passport/web/auth/uamtk
入参: {'appid': 'otn'}
请求方式: post
 (logger.py:61)
[2019-01-05 16:26:58,743][    INFO] --- 出参：{"result_message":"用户未登录","result_code":1} (logger.py:61)
[2019-01-05 16:26:58,743][    INFO] --- url: /passport/captcha/captcha-check
入参: {'answer': '', 'rand': 'sjrand', 'login_site': 'E'}
请求方式: post
 (logger.py:61)
[2019-01-05 16:26:58,917][    INFO] --- 出参：{"result_message":"验证码校验失败,信息为空","result_code":"8"} (logger.py:61)
[2019-01-05 16:27:00,854][    INFO] --- url: /passport/web/auth/uamtk
入参: {'appid': 'otn'}
请求方式: post
 (logger.py:61)
[2019-01-05 16:27:01,122][    INFO] --- 出参：{"result_message":"用户未登录","result_code":1} (logger.py:61)
[2019-01-05 16:27:01,122][    INFO] --- url: /passport/captcha/captcha-check
入参: {'answer': '', 'rand': 'sjrand', 'login_site': 'E'}
请求方式: post
 (logger.py:61)
[2019-01-05 16:27:01,282][    INFO] --- 出参：{"result_message":"验证码校验失败,信息为空","result_code":"8"} (logger.py:61)
[2019-01-05 16:27:03,151][    INFO] --- url: /passport/web/auth/uamtk
入参: {'appid': 'otn'}
请求方式: post
 (logger.py:61)
[2019-01-05 16:27:03,318][    INFO] --- 出参：{"result_message":"用户未登录","result_code":1} (logger.py:61)
[2019-01-05 16:27:03,319][    INFO] --- url: /passport/captcha/captcha-check
入参: {'answer': '', 'rand': 'sjrand', 'login_site': 'E'}
请求方式: post
 (logger.py:61)
[2019-01-05 16:27:03,480][    INFO] --- 出参：{"result_message":"验证码校验失败,信息为空","result_code":"8"} (logger.py:61)
[2019-01-05 16:27:05,476][    INFO] --- url: /passport/web/auth/uamtk
入参: {'appid': 'otn'}
请求方式: post
 (logger.py:61)
[2019-01-05 16:27:05,756][    INFO] --- 出参：{"result_message":"用户未登录","result_code":1} (logger.py:61)
[2019-01-05 16:27:05,757][    INFO] --- url: /passport/captcha/captcha-check
入参: {'answer': '', 'rand': 'sjrand', 'login_site': 'E'}
请求方式: post
 (logger.py:61)
[2019-01-05 16:27:05,924][    INFO] --- 出参：{"result_message":"验证码校验失败,信息为空","result_code":"8"} (logger.py:61)
[2019-01-05 16:27:07,753][    INFO] --- url: /passport/web/auth/uamtk
入参: {'appid': 'otn'}
请求方式: post
 (logger.py:61)
[2019-01-05 16:27:08,023][    INFO] --- 出参：{"result_message":"用户未登录","result_code":1} (logger.py:61)
[2019-01-05 16:27:08,023][    INFO] --- url: /passport/captcha/captcha-check
入参: {'answer': '', 'rand': 'sjrand', 'login_site': 'E'}
请求方式: post
 (logger.py:61)
[2019-01-05 16:27:08,181][    INFO] --- 出参：{"result_message":"验证码校验失败,信息为空","result_code":"8"} (logger.py:61)
[2019-01-05 16:27:10,039][    INFO] --- url: /passport/web/auth/uamtk
入参: {'appid': 'otn'}
请求方式: post
 (logger.py:61)
[2019-01-05 16:27:10,328][    INFO] --- 出参：{"result_message":"用户未登录","result_code":1} (logger.py:61)
[2019-01-05 16:27:10,328][    INFO] --- url: /passport/captcha/captcha-check
入参: {'answer': '', 'rand': 'sjrand', 'login_site': 'E'}
请求方式: post
 (logger.py:61)
[2019-01-05 16:27:10,500][    INFO] --- 出参：{"result_message":"验证码校验失败,信息为空","result_code":"8"} (logger.py:61)
[2019-01-05 16:27:12,480][    INFO] --- url: /passport/web/auth/uamtk
入参: {'appid': 'otn'}
请求方式: post
 (logger.py:61)
[2019-01-05 16:27:12,638][    INFO] --- 出参：{"result_message":"用户未登录","result_code":1} (logger.py:61)
[2019-01-05 16:27:12,638][    INFO] --- url: /passport/captcha/captcha-check
入参: {'answer': '', 'rand': 'sjrand', 'login_site': 'E'}
请求方式: post
 (logger.py:61)
[2019-01-05 16:27:12,805][    INFO] --- 出参：{"result_message":"验证码校验失败,信息为空","result_code":"8"} (logger.py:61)
[2019-01-05 16:27:14,829][    INFO] --- url: /passport/web/auth/uamtk
入参: {'appid': 'otn'}
请求方式: post
 (logger.py:61)
[2019-01-05 16:27:14,990][    INFO] --- 出参：{"result_message":"用户未登录","result_code":1} (logger.py:61)
[2019-01-05 16:27:14,990][    INFO] --- url: /passport/captcha/captcha-check
入参: {'answer': '', 'rand': 'sjrand', 'login_site': 'E'}
请求方式: post
 (logger.py:61)
[2019-01-05 16:27:15,154][    INFO] --- 出参：{"result_message":"验证码校验失败,信息为空","result_code":"8"} (logger.py:61)
[2019-01-05 16:27:17,197][    INFO] --- url: /passport/web/auth/uamtk
入参: {'appid': 'otn'}
请求方式: post
 (logger.py:61)
[2019-01-05 16:27:17,354][    INFO] --- 出参：{"result_message":"用户未登录","result_code":1} (logger.py:61)
[2019-01-05 16:27:17,354][    INFO] --- url: /passport/captcha/captcha-check
入参: {'answer': '', 'rand': 'sjrand', 'login_site': 'E'}
请求方式: post
 (logger.py:61)
[2019-01-05 16:27:17,628][    INFO] --- 出参：{"result_message":"验证码校验失败,信息为空","result_code":"8"} (logger.py:61)
[2019-01-05 16:27:21,144][    INFO] --- url: /passport/web/auth/uamtk
入参: {'appid': 'otn'}
请求方式: post
 (logger.py:61)
[2019-01-05 16:27:21,415][    INFO] --- 出参：{"result_message":"用户未登录","result_code":1} (logger.py:61)
[2019-01-05 16:27:21,415][    INFO] --- url: /passport/captcha/captcha-check
入参: {'answer': '', 'rand': 'sjrand', 'login_site': 'E'}
请求方式: post
 (logger.py:61)
[2019-01-05 16:27:21,578][    INFO] --- 出参：{"result_message":"验证码校验失败,信息为空","result_code":"8"} (logger.py:61)
[2019-01-05 16:27:23,486][    INFO] --- url: /passport/web/auth/uamtk
入参: {'appid': 'otn'}
请求方式: post
 (logger.py:61)
[2019-01-05 16:27:23,756][    INFO] --- 出参：{"result_message":"用户未登录","result_code":1} (logger.py:61)
[2019-01-05 16:27:23,756][    INFO] --- url: /passport/captcha/captcha-check
入参: {'answer': '', 'rand': 'sjrand', 'login_site': 'E'}
请求方式: post
 (logger.py:61)
[2019-01-05 16:27:23,917][    INFO] --- 出参：{"result_message":"验证码校验失败,信息为空","result_code":"8"} (logger.py:61)
[2019-01-05 16:27:25,944][    INFO] --- url: /passport/web/auth/uamtk
入参: {'appid': 'otn'}
请求方式: post
 (logger.py:61)
[2019-01-05 16:27:26,210][    INFO] --- 出参：{"result_message":"用户未登录","result_code":1} (logger.py:61)
[2019-01-05 16:27:26,211][    INFO] --- url: /passport/captcha/captcha-check
入参: {'answer': '', 'rand': 'sjrand', 'login_site': 'E'}
请求方式: post
 (logger.py:61)
[2019-01-05 16:27:26,375][    INFO] --- 出参：{"result_message":"验证码校验失败,信息为空","result_code":"8"} (logger.py:61)
[2019-01-05 16:27:28,400][    INFO] --- url: /passport/web/auth/uamtk
入参: {'appid': 'otn'}
请求方式: post
 (logger.py:61)
[2019-01-05 16:27:28,677][    INFO] --- 出参：{"result_message":"用户未登录","result_code":1} (logger.py:61)
[2019-01-05 16:27:28,677][    INFO] --- url: /passport/captcha/captcha-check
入参: {'answer': '', 'rand': 'sjrand', 'login_site': 'E'}
请求方式: post
 (logger.py:61)
[2019-01-05 16:27:28,839][    INFO] --- 出参：{"result_message":"验证码校验失败,信息为空","result_code":"8"} (logger.py:61)
[2019-01-05 16:27:30,904][    INFO] --- url: /passport/web/auth/uamtk
入参: {'appid': 'otn'}
请求方式: post
 (logger.py:61)
[2019-01-05 16:27:31,178][    INFO] --- 出参：{"result_message":"用户未登录","result_code":1} (logger.py:61)
[2019-01-05 16:27:31,180][    INFO] --- url: /passport/captcha/captcha-check
入参: {'answer': '', 'rand': 'sjrand', 'login_site': 'E'}
请求方式: post
 (logger.py:61)
[2019-01-05 16:27:31,344][    INFO] --- 出参：{"result_message":"验证码校验失败,信息为空","result_code":"8"} (logger.py:61)
[2019-01-05 16:27:33,184][    INFO] --- url: /passport/web/auth/uamtk
入参: {'appid': 'otn'}
请求方式: post
 (logger.py:61)
[2019-01-05 16:27:33,456][    INFO] --- 出参：{"result_message":"用户未登录","result_code":1} (logger.py:61)
[2019-01-05 16:27:33,457][    INFO] --- url: /passport/captcha/captcha-check
入参: {'answer': '', 'rand': 'sjrand', 'login_site': 'E'}
请求方式: post
 (logger.py:61)
[2019-01-05 16:27:33,619][    INFO] --- 出参：{"result_message":"验证码校验失败,信息为空","result_code":"8"} (logger.py:61)
[2019-01-05 16:27:35,730][    INFO] --- url: /passport/web/auth/uamtk
入参: {'appid': 'otn'}
请求方式: post
 (logger.py:61)
[2019-01-05 16:27:35,890][    INFO] --- 出参：{"result_message":"用户未登录","result_code":1} (logger.py:61)
[2019-01-05 16:27:35,890][    INFO] --- url: /passport/captcha/captcha-check
入参: {'answer': '', 'rand': 'sjrand', 'login_site': 'E'}
请求方式: post
 (logger.py:61)
[2019-01-05 16:27:36,052][    INFO] --- 出参：{"result_message":"验证码校验失败,信息为空","result_code":"8"} (logger.py:61)
[2019-01-05 16:27:38,079][    INFO] --- url: /passport/web/auth/uamtk
入参: {'appid': 'otn'}
请求方式: post
 (logger.py:61)
[2019-01-05 16:27:38,232][    INFO] --- 出参：{"result_message":"用户未登录","result_code":1} (logger.py:61)
[2019-01-05 16:27:38,232][    INFO] --- url: /passport/captcha/captcha-check
入参: {'answer': '', 'rand': 'sjrand', 'login_site': 'E'}
请求方式: post
 (logger.py:61)
[2019-01-05 16:27:38,394][    INFO] --- 出参：{"result_message":"验证码校验失败,信息为空","result_code":"8"} (logger.py:61)
[2019-01-05 16:27:40,525][    INFO] --- url: /passport/web/auth/uamtk
入参: {'appid': 'otn'}
请求方式: post
 (logger.py:61)
[2019-01-05 16:27:40,789][    INFO] --- 出参：{"result_message":"用户未登录","result_code":1} (logger.py:61)
[2019-01-05 16:27:40,790][    INFO] --- url: /passport/captcha/captcha-check
入参: {'answer': '', 'rand': 'sjrand', 'login_site': 'E'}
请求方式: post
 (logger.py:61)
[2019-01-05 16:27:40,953][    INFO] --- 出参：{"result_message":"验证码校验失败,信息为空","result_code":"8"} (logger.py:61)
[2019-01-05 16:27:42,779][    INFO] --- url: /passport/web/auth/uamtk
入参: {'appid': 'otn'}
请求方式: post
 (logger.py:61)
[2019-01-05 16:27:43,042][    INFO] --- 出参：{"result_message":"用户未登录","result_code":1} (logger.py:61)
[2019-01-05 16:27:43,042][    INFO] --- url: /passport/captcha/captcha-check
入参: {'answer': '', 'rand': 'sjrand', 'login_site': 'E'}
请求方式: post
 (logger.py:61)
[2019-01-05 16:27:43,207][    INFO] --- 出参：{"result_message":"验证码校验失败,信息为空","result_code":"8"} (logger.py:61)
[2019-01-05 16:27:45,186][    INFO] --- url: /passport/web/auth/uamtk
入参: {'appid': 'otn'}
请求方式: post
 (logger.py:61)
[2019-01-05 16:27:45,456][    INFO] --- 出参：{"result_message":"用户未登录","result_code":1} (logger.py:61)
[2019-01-05 16:27:45,456][    INFO] --- url: /passport/captcha/captcha-check
入参: {'answer': '', 'rand': 'sjrand', 'login_site': 'E'}
请求方式: post
 (logger.py:61)
[2019-01-05 16:27:45,618][    INFO] --- 出参：{"result_message":"验证码校验失败,信息为空","result_code":"8"} (logger.py:61)
[2019-01-05 16:27:47,588][    INFO] --- url: /passport/web/auth/uamtk
入参: {'appid': 'otn'}
请求方式: post
 (logger.py:61)
[2019-01-05 16:27:47,861][    INFO] --- 出参：{"result_message":"用户未登录","result_code":1} (logger.py:61)
[2019-01-05 16:27:47,861][    INFO] --- url: /passport/captcha/captcha-check
入参: {'answer': '', 'rand': 'sjrand', 'login_site': 'E'}
请求方式: post
 (logger.py:61)
[2019-01-05 16:27:48,025][    INFO] --- 出参：{"result_message":"验证码校验失败,信息为空","result_code":"8"} (logger.py:61)
[2019-01-05 16:27:49,971][    INFO] --- url: /passport/web/auth/uamtk
入参: {'appid': 'otn'}
请求方式: post
 (logger.py:61)
[2019-01-05 16:27:50,243][    INFO] --- 出参：{"result_message":"用户未登录","result_code":1} (logger.py:61)
[2019-01-05 16:27:50,243][    INFO] --- url: /passport/captcha/captcha-check
入参: {'answer': '', 'rand': 'sjrand', 'login_site': 'E'}
请求方式: post
 (logger.py:61)
[2019-01-05 16:27:50,405][    INFO] --- 出参：{"result_message":"验证码校验失败,信息为空","result_code":"8"} (logger.py:61)
[2019-01-05 16:27:52,427][    INFO] --- url: /passport/web/auth/uamtk
入参: {'appid': 'otn'}
请求方式: post
 (logger.py:61)
[2019-01-05 16:27:52,582][    INFO] --- 出参：{"result_message":"用户未登录","result_code":1} (logger.py:61)
[2019-01-05 16:27:52,584][    INFO] --- url: /passport/captcha/captcha-check
入参: {'answer': '', 'rand': 'sjrand', 'login_site': 'E'}
请求方式: post
 (logger.py:61)
[2019-01-05 16:27:52,750][    INFO] --- 出参：{"result_message":"验证码校验失败,信息为空","result_code":"8"} (logger.py:61)
[2019-01-05 16:27:54,559][    INFO] --- url: /passport/web/auth/uamtk
入参: {'appid': 'otn'}
请求方式: post
 (logger.py:61)
[2019-01-05 16:27:54,713][    INFO] --- 出参：{"result_message":"用户未登录","result_code":1} (logger.py:61)
[2019-01-05 16:27:54,713][    INFO] --- url: /passport/captcha/captcha-check
入参: {'answer': '', 'rand': 'sjrand', 'login_site': 'E'}
请求方式: post
 (logger.py:61)
[2019-01-05 16:27:54,877][    INFO] --- 出参：{"result_message":"验证码校验失败,信息为空","result_code":"8"} (logger.py:61)
[2019-01-05 16:27:56,927][    INFO] --- url: /passport/web/auth/uamtk
入参: {'appid': 'otn'}
请求方式: post
 (logger.py:61)
[2019-01-05 16:27:57,198][    INFO] --- 出参：{"result_message":"用户未登录","result_code":1} (logger.py:61)
[2019-01-05 16:27:57,200][    INFO] --- url: /passport/captcha/captcha-check
入参: {'answer': '', 'rand': 'sjrand', 'login_site': 'E'}
请求方式: post
 (logger.py:61)
[2019-01-05 16:27:57,361][    INFO] --- 出参：{"result_message":"验证码校验失败,信息为空","result_code":"8"} (logger.py:61)
[2019-01-05 16:27:59,424][    INFO] --- url: /passport/web/auth/uamtk
入参: {'appid': 'otn'}
请求方式: post
 (logger.py:61)
[2019-01-05 16:27:59,585][    INFO] --- 出参：{"result_message":"用户未登录","result_code":1} (logger.py:61)
[2019-01-05 16:27:59,585][    INFO] --- url: /passport/captcha/captcha-check
入参: {'answer': '', 'rand': 'sjrand', 'login_site': 'E'}
请求方式: post
 (logger.py:61)
[2019-01-05 16:28:00,164][    INFO] --- 出参：{"result_message":"验证码校验失败,信息为空","result_code":"8"} (logger.py:61)
[2019-01-05 16:28:02,164][    INFO] --- url: /passport/web/auth/uamtk
入参: {'appid': 'otn'}
请求方式: post
 (logger.py:61)
[2019-01-05 16:28:03,148][    INFO] --- 出参：{"result_message":"用户未登录","result_code":1} (logger.py:61)
[2019-01-05 16:28:03,148][    INFO] --- url: /passport/captcha/captcha-check
入参: {'answer': '', 'rand': 'sjrand', 'login_site': 'E'}
请求方式: post
 (logger.py:61)
[2019-01-05 16:28:03,315][    INFO] --- 出参：{"result_message":"验证码校验失败,信息为空","result_code":"8"} (logger.py:61)
[2019-01-05 16:28:05,355][    INFO] --- url: /passport/web/auth/uamtk
入参: {'appid': 'otn'}
请求方式: post
 (logger.py:61)
[2019-01-05 16:28:05,512][    INFO] --- 出参：{"result_message":"用户未登录","result_code":1} (logger.py:61)
[2019-01-05 16:28:05,513][    INFO] --- url: /passport/captcha/captcha-check
入参: {'answer': '', 'rand': 'sjrand', 'login_site': 'E'}
请求方式: post
 (logger.py:61)
[2019-01-05 16:28:05,671][    INFO] --- 出参：{"result_message":"验证码校验失败,信息为空","result_code":"8"} (logger.py:61)
[2019-01-05 16:28:07,713][    INFO] --- url: /passport/web/auth/uamtk
入参: {'appid': 'otn'}
请求方式: post
 (logger.py:61)
[2019-01-05 16:28:07,871][    INFO] --- 出参：{"result_message":"用户未登录","result_code":1} (logger.py:61)
[2019-01-05 16:28:07,871][    INFO] --- url: /passport/captcha/captcha-check
入参: {'answer': '', 'rand': 'sjrand', 'login_site': 'E'}
请求方式: post
 (logger.py:61)
[2019-01-05 16:28:08,148][    INFO] --- 出参：{"result_message":"验证码校验失败,信息为空","result_code":"8"} (logger.py:61)
[2019-01-05 16:28:10,196][    INFO] --- url: /passport/web/auth/uamtk
入参: {'appid': 'otn'}
请求方式: post
 (logger.py:61)
[2019-01-05 16:28:10,467][    INFO] --- 出参：{"result_message":"用户未登录","result_code":1} (logger.py:61)
[2019-01-05 16:28:10,467][    INFO] --- url: /passport/captcha/captcha-check
入参: {'answer': '', 'rand': 'sjrand', 'login_site': 'E'}
请求方式: post
 (logger.py:61)
[2019-01-05 16:28:10,634][    INFO] --- 出参：{"result_message":"验证码校验失败,信息为空","result_code":"8"} (logger.py:61)
[2019-01-05 16:28:12,667][    INFO] --- url: /passport/web/auth/uamtk
入参: {'appid': 'otn'}
请求方式: post
 (logger.py:61)
[2019-01-05 16:28:12,937][    INFO] --- 出参：{"result_message":"用户未登录","result_code":1} (logger.py:61)
[2019-01-05 16:28:12,937][    INFO] --- url: /passport/captcha/captcha-check
入参: {'answer': '', 'rand': 'sjrand', 'login_site': 'E'}
请求方式: post
 (logger.py:61)
[2019-01-05 16:28:13,101][    INFO] --- 出参：{"result_message":"验证码校验失败,信息为空","result_code":"8"} (logger.py:61)
[2019-01-05 16:28:15,079][    INFO] --- url: /passport/web/auth/uamtk
入参: {'appid': 'otn'}
请求方式: post
 (logger.py:61)
[2019-01-05 16:28:15,352][    INFO] --- 出参：{"result_message":"用户未登录","result_code":1} (logger.py:61)
[2019-01-05 16:28:15,352][    INFO] --- url: /passport/captcha/captcha-check
入参: {'answer': '', 'rand': 'sjrand', 'login_site': 'E'}
请求方式: post
 (logger.py:61)
[2019-01-05 16:28:15,513][    INFO] --- 出参：{"result_message":"验证码校验失败,信息为空","result_code":"8"} (logger.py:61)
[2019-01-05 16:28:17,536][    INFO] --- url: /passport/web/auth/uamtk
入参: {'appid': 'otn'}
请求方式: post
 (logger.py:61)
[2019-01-05 16:28:17,691][    INFO] --- 出参：{"result_message":"用户未登录","result_code":1} (logger.py:61)
[2019-01-05 16:28:17,691][    INFO] --- url: /passport/captcha/captcha-check
入参: {'answer': '', 'rand': 'sjrand', 'login_site': 'E'}
请求方式: post
 (logger.py:61)
[2019-01-05 16:28:17,851][    INFO] --- 出参：{"result_message":"验证码校验失败,信息为空","result_code":"8"} (logger.py:61)
[2019-01-05 16:28:19,723][    INFO] --- url: /passport/web/auth/uamtk
入参: {'appid': 'otn'}
请求方式: post
 (logger.py:61)
[2019-01-05 16:28:20,029][    INFO] --- 出参：{"result_message":"用户未登录","result_code":1} (logger.py:61)
[2019-01-05 16:28:20,029][    INFO] --- url: /passport/captcha/captcha-check
入参: {'answer': '', 'rand': 'sjrand', 'login_site': 'E'}
请求方式: post
 (logger.py:61)
[2019-01-05 16:28:20,190][    INFO] --- 出参：{"result_message":"验证码校验失败,信息为空","result_code":"8"} (logger.py:61)
[2019-01-05 16:28:22,068][    INFO] --- url: /passport/web/auth/uamtk
入参: {'appid': 'otn'}
请求方式: post
 (logger.py:61)
[2019-01-05 16:28:22,351][    INFO] --- 出参：{"result_message":"用户未登录","result_code":1} (logger.py:61)
[2019-01-05 16:28:22,352][    INFO] --- url: /passport/captcha/captcha-check
入参: {'answer': '', 'rand': 'sjrand', 'login_site': 'E'}
请求方式: post
 (logger.py:61)
[2019-01-05 16:28:22,637][    INFO] --- 出参：{"result_message":"验证码校验失败,信息为空","result_code":"8"} (logger.py:61)
[2019-01-05 16:28:24,617][    INFO] --- url: /passport/web/auth/uamtk
入参: {'appid': 'otn'}
请求方式: post
 (logger.py:61)
[2019-01-05 16:28:24,776][    INFO] --- 出参：{"result_message":"用户未登录","result_code":1} (logger.py:61)
[2019-01-05 16:28:24,776][    INFO] --- url: /passport/captcha/captcha-check
入参: {'answer': '', 'rand': 'sjrand', 'login_site': 'E'}
请求方式: post
 (logger.py:61)
[2019-01-05 16:28:24,994][    INFO] --- 出参：{"result_message":"验证码校验失败,信息为空","result_code":"8"} (logger.py:61)
[2019-01-05 16:28:27,025][    INFO] --- url: /passport/web/auth/uamtk
入参: {'appid': 'otn'}
请求方式: post
 (logger.py:61)
[2019-01-05 16:28:27,187][    INFO] --- 出参：{"result_message":"用户未登录","result_code":1} (logger.py:61)
[2019-01-05 16:28:27,187][    INFO] --- url: /passport/captcha/captcha-check
入参: {'answer': '', 'rand': 'sjrand', 'login_site': 'E'}
请求方式: post
 (logger.py:61)
[2019-01-05 16:28:27,348][    INFO] --- 出参：{"result_message":"验证码校验失败,信息为空","result_code":"8"} (logger.py:61)
[2019-01-05 16:28:29,196][    INFO] --- url: /passport/web/auth/uamtk
入参: {'appid': 'otn'}
请求方式: post
 (logger.py:61)
[2019-01-05 16:28:29,476][    INFO] --- 出参：{"result_message":"用户未登录","result_code":1} (logger.py:61)
[2019-01-05 16:28:29,476][    INFO] --- url: /passport/captcha/captcha-check
入参: {'answer': '', 'rand': 'sjrand', 'login_site': 'E'}
请求方式: post
 (logger.py:61)
[2019-01-05 16:28:29,756][    INFO] --- 出参：{"result_message":"验证码校验失败,信息为空","result_code":"8"} (logger.py:61)
[2019-01-05 16:28:31,765][    INFO] --- url: /passport/web/auth/uamtk
入参: {'appid': 'otn'}
请求方式: post
 (logger.py:61)
[2019-01-05 16:28:32,026][    INFO] --- 出参：{"result_message":"用户未登录","result_code":1} (logger.py:61)
[2019-01-05 16:28:32,028][    INFO] --- url: /passport/captcha/captcha-check
入参: {'answer': '', 'rand': 'sjrand', 'login_site': 'E'}
请求方式: post
 (logger.py:61)
[2019-01-05 16:28:32,187][    INFO] --- 出参：{"result_message":"验证码校验失败,信息为空","result_code":"8"} (logger.py:61)
[2019-01-05 16:28:34,232][    INFO] --- url: /passport/web/auth/uamtk
入参: {'appid': 'otn'}
请求方式: post
 (logger.py:61)
[2019-01-05 16:28:34,634][    INFO] --- 出参：{"result_message":"用户未登录","result_code":1} (logger.py:61)
[2019-01-05 16:28:34,634][    INFO] --- url: /passport/captcha/captcha-check
入参: {'answer': '', 'rand': 'sjrand', 'login_site': 'E'}
请求方式: post
 (logger.py:61)
[2019-01-05 16:28:35,130][    INFO] --- 出参：{"result_message":"验证码校验失败,信息为空","result_code":"8"} (logger.py:61)
[2019-01-05 16:28:37,009][    INFO] --- url: /passport/web/auth/uamtk
入参: {'appid': 'otn'}
请求方式: post
 (logger.py:61)
[2019-01-05 16:28:38,773][    INFO] --- 出参：{"result_message":"用户未登录","result_code":1} (logger.py:61)
[2019-01-05 16:28:38,773][    INFO] --- url: /passport/captcha/captcha-check
入参: {'answer': '', 'rand': 'sjrand', 'login_site': 'E'}
请求方式: post
 (logger.py:61)
[2019-01-05 16:28:38,936][    INFO] --- 出参：{"result_message":"验证码校验失败,信息为空","result_code":"8"} (logger.py:61)
[2019-01-05 16:28:40,811][    INFO] --- url: /passport/web/auth/uamtk
入参: {'appid': 'otn'}
请求方式: post
 (logger.py:61)
[2019-01-05 16:28:41,082][    INFO] --- 出参：{"result_message":"用户未登录","result_code":1} (logger.py:61)
[2019-01-05 16:28:41,082][    INFO] --- url: /passport/captcha/captcha-check
入参: {'answer': '', 'rand': 'sjrand', 'login_site': 'E'}
请求方式: post
 (logger.py:61)
[2019-01-05 16:28:41,249][    INFO] --- 出参：{"result_message":"验证码校验失败,信息为空","result_code":"8"} (logger.py:61)
[2019-01-05 16:28:43,250][    INFO] --- url: /passport/web/auth/uamtk
入参: {'appid': 'otn'}
请求方式: post
 (logger.py:61)
[2019-01-05 16:28:43,525][    INFO] --- 出参：{"result_message":"用户未登录","result_code":1} (logger.py:61)
[2019-01-05 16:28:43,525][    INFO] --- url: /passport/captcha/captcha-check
入参: {'answer': '', 'rand': 'sjrand', 'login_site': 'E'}
请求方式: post
 (logger.py:61)
[2019-01-05 16:28:43,805][    INFO] --- 出参：{"result_message":"验证码校验失败,信息为空","result_code":"8"} (logger.py:61)
[2019-01-05 16:28:45,655][    INFO] --- url: /passport/web/auth/uamtk
入参: {'appid': 'otn'}
请求方式: post
 (logger.py:61)
[2019-01-05 16:28:45,921][    INFO] --- 出参：{"result_message":"用户未登录","result_code":1} (logger.py:61)
[2019-01-05 16:28:45,923][    INFO] --- url: /passport/captcha/captcha-check
入参: {'answer': '', 'rand': 'sjrand', 'login_site': 'E'}
请求方式: post
 (logger.py:61)
[2019-01-05 16:28:46,200][    INFO] --- 出参：{"result_message":"验证码校验失败,信息为空","result_code":"8"} (logger.py:61)
[2019-01-05 16:28:48,220][    INFO] --- url: /passport/web/auth/uamtk
入参: {'appid': 'otn'}
请求方式: post
 (logger.py:61)
[2019-01-05 16:28:48,500][    INFO] --- 出参：{"result_message":"用户未登录","result_code":1} (logger.py:61)
[2019-01-05 16:28:48,500][    INFO] --- url: /passport/captcha/captcha-check
入参: {'answer': '', 'rand': 'sjrand', 'login_site': 'E'}
请求方式: post
 (logger.py:61)
[2019-01-05 16:28:48,665][    INFO] --- 出参：{"result_message":"验证码校验失败,信息为空","result_code":"8"} (logger.py:61)
[2019-01-05 16:28:50,698][    INFO] --- url: /passport/web/auth/uamtk
入参: {'appid': 'otn'}
请求方式: post
 (logger.py:61)
[2019-01-05 16:28:50,855][    INFO] --- 出参：{"result_message":"用户未登录","result_code":1} (logger.py:61)
[2019-01-05 16:28:50,855][    INFO] --- url: /passport/captcha/captcha-check
入参: {'answer': '', 'rand': 'sjrand', 'login_site': 'E'}
请求方式: post
 (logger.py:61)
[2019-01-05 16:28:51,026][    INFO] --- 出参：{"result_message":"验证码校验失败,信息为空","result_code":"8"} (logger.py:61)
[2019-01-05 16:28:53,010][    INFO] --- url: /passport/web/auth/uamtk
入参: {'appid': 'otn'}
请求方式: post
 (logger.py:61)
[2019-01-05 16:28:53,282][    INFO] --- 出参：{"result_message":"用户未登录","result_code":1} (logger.py:61)
[2019-01-05 16:28:53,282][    INFO] --- url: /passport/captcha/captcha-check
入参: {'answer': '', 'rand': 'sjrand', 'login_site': 'E'}
请求方式: post
 (logger.py:61)
[2019-01-05 16:28:53,447][    INFO] --- 出参：{"result_message":"验证码校验失败,信息为空","result_code":"8"} (logger.py:61)
[2019-01-05 16:28:55,477][    INFO] --- url: /passport/web/auth/uamtk
入参: {'appid': 'otn'}
请求方式: post
 (logger.py:61)
[2019-01-05 16:28:55,634][    INFO] --- 出参：{"result_message":"用户未登录","result_code":1} (logger.py:61)
[2019-01-05 16:28:55,635][    INFO] --- url: /passport/captcha/captcha-check
入参: {'answer': '', 'rand': 'sjrand', 'login_site': 'E'}
请求方式: post
 (logger.py:61)
[2019-01-05 16:28:55,802][    INFO] --- 出参：{"result_message":"验证码校验失败,信息为空","result_code":"8"} (logger.py:61)
[2019-01-05 16:28:57,657][    INFO] --- url: /passport/web/auth/uamtk
入参: {'appid': 'otn'}
请求方式: post
 (logger.py:61)
[2019-01-05 16:28:57,921][    INFO] --- 出参：{"result_message":"用户未登录","result_code":1} (logger.py:61)
[2019-01-05 16:28:57,921][    INFO] --- url: /passport/captcha/captcha-check
入参: {'answer': '', 'rand': 'sjrand', 'login_site': 'E'}
请求方式: post
 (logger.py:61)
[2019-01-05 16:28:58,082][    INFO] --- 出参：{"result_message":"验证码校验失败,信息为空","result_code":"8"} (logger.py:61)
[2019-01-05 16:29:00,112][    INFO] --- url: /passport/web/auth/uamtk
入参: {'appid': 'otn'}
请求方式: post
 (logger.py:61)
[2019-01-05 16:29:00,378][    INFO] --- 出参：{"result_message":"用户未登录","result_code":1} (logger.py:61)
[2019-01-05 16:29:00,378][    INFO] --- url: /passport/captcha/captcha-check
入参: {'answer': '', 'rand': 'sjrand', 'login_site': 'E'}
请求方式: post
 (logger.py:61)
[2019-01-05 16:29:00,539][    INFO] --- 出参：{"result_message":"验证码校验失败,信息为空","result_code":"8"} (logger.py:61)
[2019-01-05 16:29:02,528][    INFO] --- url: /passport/web/auth/uamtk
入参: {'appid': 'otn'}
请求方式: post
 (logger.py:61)
[2019-01-05 16:29:02,795][    INFO] --- 出参：{"result_message":"用户未登录","result_code":1} (logger.py:61)
[2019-01-05 16:29:02,795][    INFO] --- url: /passport/captcha/captcha-check
入参: {'answer': '', 'rand': 'sjrand', 'login_site': 'E'}
请求方式: post
 (logger.py:61)
[2019-01-05 16:29:02,959][    INFO] --- 出参：{"result_message":"验证码校验失败,信息为空","result_code":"8"} (logger.py:61)
[2019-01-05 16:29:04,967][    INFO] --- url: /passport/web/auth/uamtk
入参: {'appid': 'otn'}
请求方式: post
 (logger.py:61)
[2019-01-05 16:29:05,246][    INFO] --- 出参：{"result_message":"用户未登录","result_code":1} (logger.py:61)
[2019-01-05 16:29:05,246][    INFO] --- url: /passport/captcha/captcha-check
入参: {'answer': '', 'rand': 'sjrand', 'login_site': 'E'}
请求方式: post
 (logger.py:61)
[2019-01-05 16:29:05,405][    INFO] --- 出参：{"result_message":"验证码校验失败,信息为空","result_code":"8"} (logger.py:61)
[2019-01-05 16:29:07,388][    INFO] --- url: /passport/web/auth/uamtk
入参: {'appid': 'otn'}
请求方式: post
 (logger.py:61)
[2019-01-05 16:29:07,648][    INFO] --- 出参：{"result_message":"用户未登录","result_code":1} (logger.py:61)
[2019-01-05 16:29:07,650][    INFO] --- url: /passport/captcha/captcha-check
入参: {'answer': '', 'rand': 'sjrand', 'login_site': 'E'}
请求方式: post
 (logger.py:61)
[2019-01-05 16:29:07,812][    INFO] --- 出参：{"result_message":"验证码校验失败,信息为空","result_code":"8"} (logger.py:61)
[2019-01-05 16:29:09,825][    INFO] --- url: /passport/web/auth/uamtk
入参: {'appid': 'otn'}
请求方式: post
 (logger.py:61)
[2019-01-05 16:29:11,605][    INFO] --- 出参：{"result_message":"用户未登录","result_code":1} (logger.py:61)
[2019-01-05 16:29:11,605][    INFO] --- url: /passport/captcha/captcha-check
入参: {'answer': '', 'rand': 'sjrand', 'login_site': 'E'}
请求方式: post
 (logger.py:61)
[2019-01-05 16:29:11,769][    INFO] --- 出参：{"result_message":"验证码校验失败,信息为空","result_code":"8"} (logger.py:61)
[2019-01-05 16:29:13,796][    INFO] --- url: /passport/web/auth/uamtk
入参: {'appid': 'otn'}
请求方式: post
 (logger.py:61)
[2019-01-05 16:29:14,065][    INFO] --- 出参：{"result_message":"用户未登录","result_code":1} (logger.py:61)
[2019-01-05 16:29:14,066][    INFO] --- url: /passport/captcha/captcha-check
入参: {'answer': '', 'rand': 'sjrand', 'login_site': 'E'}
请求方式: post
 (logger.py:61)
[2019-01-05 16:29:14,229][    INFO] --- 出参：{"result_message":"验证码校验失败,信息为空","result_code":"8"} (logger.py:61)
[2019-01-05 16:29:16,246][    INFO] --- url: /passport/web/auth/uamtk
入参: {'appid': 'otn'}
请求方式: post
 (logger.py:61)
[2019-01-05 16:29:16,407][    INFO] --- 出参：{"result_message":"用户未登录","result_code":1} (logger.py:61)
[2019-01-05 16:29:16,407][    INFO] --- url: /passport/captcha/captcha-check
入参: {'answer': '', 'rand': 'sjrand', 'login_site': 'E'}
请求方式: post
 (logger.py:61)
[2019-01-05 16:29:16,572][    INFO] --- 出参：{"result_message":"验证码校验失败,信息为空","result_code":"8"} (logger.py:61)
[2019-01-05 16:29:18,558][    INFO] --- url: /passport/web/auth/uamtk
入参: {'appid': 'otn'}
请求方式: post
 (logger.py:61)
[2019-01-05 16:29:18,826][    INFO] --- 出参：{"result_message":"用户未登录","result_code":1} (logger.py:61)
[2019-01-05 16:29:18,826][    INFO] --- url: /passport/captcha/captcha-check
入参: {'answer': '', 'rand': 'sjrand', 'login_site': 'E'}
请求方式: post
 (logger.py:61)
[2019-01-05 16:29:18,987][    INFO] --- 出参：{"result_message":"验证码校验失败,信息为空","result_code":"8"} (logger.py:61)
[2019-01-05 16:29:21,378][    INFO] --- url: /passport/web/auth/uamtk
入参: {'appid': 'otn'}
请求方式: post
 (logger.py:61)
[2019-01-05 16:29:21,548][    INFO] --- 出参：{"result_message":"用户未登录","result_code":1} (logger.py:61)
[2019-01-05 16:29:21,549][    INFO] --- url: /passport/captcha/captcha-check
入参: {'answer': '', 'rand': 'sjrand', 'login_site': 'E'}
请求方式: post
 (logger.py:61)
[2019-01-05 16:29:21,713][    INFO] --- 出参：{"result_message":"验证码校验失败,信息为空","result_code":"8"} (logger.py:61)
[2019-01-05 16:29:23,572][    INFO] --- url: /passport/web/auth/uamtk
入参: {'appid': 'otn'}
请求方式: post
 (logger.py:61)
[2019-01-05 16:29:23,844][    INFO] --- 出参：{"result_message":"用户未登录","result_code":1} (logger.py:61)
[2019-01-05 16:29:23,845][    INFO] --- url: /passport/captcha/captcha-check
入参: {'answer': '', 'rand': 'sjrand', 'login_site': 'E'}
请求方式: post
 (logger.py:61)
[2019-01-05 16:29:24,010][    INFO] --- 出参：{"result_message":"验证码校验失败,信息为空","result_code":"8"} (logger.py:61)
[2019-01-05 16:29:26,150][    INFO] --- url: /passport/web/auth/uamtk
入参: {'appid': 'otn'}
请求方式: post
 (logger.py:61)
[2019-01-05 16:29:26,420][    INFO] --- 出参：{"result_message":"用户未登录","result_code":1} (logger.py:61)
[2019-01-05 16:29:26,421][    INFO] --- url: /passport/captcha/captcha-check
入参: {'answer': '', 'rand': 'sjrand', 'login_site': 'E'}
请求方式: post
 (logger.py:61)
[2019-01-05 16:29:26,707][    INFO] --- 出参：{"result_message":"验证码校验失败,信息为空","result_code":"8"} (logger.py:61)
[2019-01-05 16:29:28,576][    INFO] --- url: /passport/web/auth/uamtk
入参: {'appid': 'otn'}
请求方式: post
 (logger.py:61)
[2019-01-05 16:29:28,730][    INFO] --- 出参：{"result_message":"用户未登录","result_code":1} (logger.py:61)
[2019-01-05 16:29:28,730][    INFO] --- url: /passport/captcha/captcha-check
入参: {'answer': '', 'rand': 'sjrand', 'login_site': 'E'}
请求方式: post
 (logger.py:61)
[2019-01-05 16:29:28,888][    INFO] --- 出参：{"result_message":"验证码校验失败,信息为空","result_code":"8"} (logger.py:61)
[2019-01-05 16:29:30,970][    INFO] --- url: /passport/web/auth/uamtk
入参: {'appid': 'otn'}
请求方式: post
 (logger.py:61)
[2019-01-05 16:29:31,128][    INFO] --- 出参：{"result_message":"用户未登录","result_code":1} (logger.py:61)
[2019-01-05 16:29:31,130][    INFO] --- url: /passport/captcha/captcha-check
入参: {'answer': '', 'rand': 'sjrand', 'login_site': 'E'}
请求方式: post
 (logger.py:61)
[2019-01-05 16:29:31,295][    INFO] --- 出参：{"result_message":"验证码校验失败,信息为空","result_code":"8"} (logger.py:61)
[2019-01-05 16:29:33,128][    INFO] --- url: /passport/web/auth/uamtk
入参: {'appid': 'otn'}
请求方式: post
 (logger.py:61)
[2019-01-05 16:29:33,404][    INFO] --- 出参：{"result_message":"用户未登录","result_code":1} (logger.py:61)
[2019-01-05 16:29:33,405][    INFO] --- url: /passport/captcha/captcha-check
入参: {'answer': '', 'rand': 'sjrand', 'login_site': 'E'}
请求方式: post
 (logger.py:61)
[2019-01-05 16:29:33,677][    INFO] --- 出参：{"result_message":"验证码校验失败,信息为空","result_code":"8"} (logger.py:61)
[2019-01-05 16:29:35,586][    INFO] --- url: /passport/web/auth/uamtk
入参: {'appid': 'otn'}
请求方式: post
 (logger.py:61)
[2019-01-05 16:29:35,746][    INFO] --- 出参：{"result_message":"用户未登录","result_code":1} (logger.py:61)
[2019-01-05 16:29:35,746][    INFO] --- url: /passport/captcha/captcha-check
入参: {'answer': '', 'rand': 'sjrand', 'login_site': 'E'}
请求方式: post
 (logger.py:61)
[2019-01-05 16:29:35,911][    INFO] --- 出参：{"result_message":"验证码校验失败,信息为空","result_code":"8"} (logger.py:61)
[2019-01-05 16:29:37,917][    INFO] --- url: /passport/web/auth/uamtk
入参: {'appid': 'otn'}
请求方式: post
 (logger.py:61)
[2019-01-05 16:29:38,079][    INFO] --- 出参：{"result_message":"用户未登录","result_code":1} (logger.py:61)
[2019-01-05 16:29:38,079][    INFO] --- url: /passport/captcha/captcha-check
入参: {'answer': '', 'rand': 'sjrand', 'login_site': 'E'}
请求方式: post
 (logger.py:61)
[2019-01-05 16:29:38,243][    INFO] --- 出参：{"result_message":"验证码校验失败,信息为空","result_code":"8"} (logger.py:61)
[2019-01-05 16:29:40,122][    INFO] --- url: /passport/web/auth/uamtk
入参: {'appid': 'otn'}
请求方式: post
 (logger.py:61)
[2019-01-05 16:29:40,283][    INFO] --- 出参：{"result_message":"用户未登录","result_code":1} (logger.py:61)
[2019-01-05 16:29:40,285][    INFO] --- url: /passport/captcha/captcha-check
入参: {'answer': '', 'rand': 'sjrand', 'login_site': 'E'}
请求方式: post
 (logger.py:61)
[2019-01-05 16:29:40,559][    INFO] --- 出参：{"result_message":"验证码校验失败,信息为空","result_code":"8"} (logger.py:61)
[2019-01-05 16:29:42,601][    INFO] --- url: /passport/web/auth/uamtk
入参: {'appid': 'otn'}
请求方式: post
 (logger.py:61)
[2019-01-05 16:29:42,766][    INFO] --- 出参：{"result_message":"用户未登录","result_code":1} (logger.py:61)
[2019-01-05 16:29:42,766][    INFO] --- url: /passport/captcha/captcha-check
入参: {'answer': '', 'rand': 'sjrand', 'login_site': 'E'}
请求方式: post
 (logger.py:61)
[2019-01-05 16:29:42,928][    INFO] --- 出参：{"result_message":"验证码校验失败,信息为空","result_code":"8"} (logger.py:61)
[2019-01-05 16:29:44,940][    INFO] --- url: /passport/web/auth/uamtk
入参: {'appid': 'otn'}
请求方式: post
 (logger.py:61)
[2019-01-05 16:29:45,210][    INFO] --- 出参：{"result_message":"用户未登录","result_code":1} (logger.py:61)
[2019-01-05 16:29:45,211][    INFO] --- url: /passport/captcha/captcha-check
入参: {'answer': '', 'rand': 'sjrand', 'login_site': 'E'}
请求方式: post
 (logger.py:61)
[2019-01-05 16:29:45,374][    INFO] --- 出参：{"result_message":"验证码校验失败,信息为空","result_code":"8"} (logger.py:61)
[2019-01-05 16:29:47,407][    INFO] --- url: /passport/web/auth/uamtk
入参: {'appid': 'otn'}
请求方式: post
 (logger.py:61)
[2019-01-05 16:29:47,562][    INFO] --- 出参：{"result_message":"用户未登录","result_code":1} (logger.py:61)
[2019-01-05 16:29:47,562][    INFO] --- url: /passport/captcha/captcha-check
入参: {'answer': '', 'rand': 'sjrand', 'login_site': 'E'}
请求方式: post
 (logger.py:61)
[2019-01-05 16:29:47,832][    INFO] --- 出参：{"result_message":"验证码校验失败,信息为空","result_code":"8"} (logger.py:61)
[2019-01-05 16:29:49,894][    INFO] --- url: /passport/web/auth/uamtk
入参: {'appid': 'otn'}
请求方式: post
 (logger.py:61)
[2019-01-05 16:29:50,173][    INFO] --- 出参：{"result_message":"用户未登录","result_code":1} (logger.py:61)
[2019-01-05 16:29:50,174][    INFO] --- url: /passport/captcha/captcha-check
入参: {'answer': '', 'rand': 'sjrand', 'login_site': 'E'}
请求方式: post
 (logger.py:61)
[2019-01-05 16:29:50,357][    INFO] --- 出参：{"result_message":"验证码校验失败,信息为空","result_code":"8"} (logger.py:61)
[2019-01-05 16:29:52,364][    INFO] --- url: /passport/web/auth/uamtk
入参: {'appid': 'otn'}
请求方式: post
 (logger.py:61)
[2019-01-05 16:29:52,640][    INFO] --- 出参：{"result_message":"用户未登录","result_code":1} (logger.py:61)
[2019-01-05 16:29:52,641][    INFO] --- url: /passport/captcha/captcha-check
入参: {'answer': '', 'rand': 'sjrand', 'login_site': 'E'}
请求方式: post
 (logger.py:61)
[2019-01-05 16:29:52,808][    INFO] --- 出参：{"result_message":"验证码校验失败,信息为空","result_code":"8"} (logger.py:61)
[2019-01-05 16:29:54,823][    INFO] --- url: /passport/web/auth/uamtk
入参: {'appid': 'otn'}
请求方式: post
 (logger.py:61)
[2019-01-05 16:29:55,092][    INFO] --- 出参：{"result_message":"用户未登录","result_code":1} (logger.py:61)
[2019-01-05 16:29:55,092][    INFO] --- url: /passport/captcha/captcha-check
入参: {'answer': '', 'rand': 'sjrand', 'login_site': 'E'}
请求方式: post
 (logger.py:61)
[2019-01-05 16:29:55,408][    INFO] --- 出参：{"result_message":"验证码校验失败,信息为空","result_code":"8"} (logger.py:61)
[2019-01-05 16:29:57,434][    INFO] --- url: /passport/web/auth/uamtk
入参: {'appid': 'otn'}
请求方式: post
 (logger.py:61)
[2019-01-05 16:29:57,703][    INFO] --- 出参：{"result_message":"用户未登录","result_code":1} (logger.py:61)
[2019-01-05 16:29:57,703][    INFO] --- url: /passport/captcha/captcha-check
入参: {'answer': '', 'rand': 'sjrand', 'login_site': 'E'}
请求方式: post
 (logger.py:61)
[2019-01-05 16:29:57,864][    INFO] --- 出参：{"result_message":"验证码校验失败,信息为空","result_code":"8"} (logger.py:61)
[2019-01-05 16:29:59,871][    INFO] --- url: /passport/web/auth/uamtk
入参: {'appid': 'otn'}
请求方式: post
 (logger.py:61)
[2019-01-05 16:30:00,029][    INFO] --- 出参：{"result_message":"用户未登录","result_code":1} (logger.py:61)
[2019-01-05 16:30:00,029][    INFO] --- url: /passport/captcha/captcha-check
入参: {'answer': '', 'rand': 'sjrand', 'login_site': 'E'}
请求方式: post
 (logger.py:61)
[2019-01-05 16:30:00,196][    INFO] --- 出参：{"result_message":"验证码校验失败,信息为空","result_code":"8"} (logger.py:61)
[2019-01-05 16:30:02,061][    INFO] --- url: /passport/web/auth/uamtk
入参: {'appid': 'otn'}
请求方式: post
 (logger.py:61)
[2019-01-05 16:30:02,226][    INFO] --- 出参：{"result_message":"用户未登录","result_code":1} (logger.py:61)
[2019-01-05 16:30:02,226][    INFO] --- url: /passport/captcha/captcha-check
入参: {'answer': '', 'rand': 'sjrand', 'login_site': 'E'}
请求方式: post
 (logger.py:61)
[2019-01-05 16:30:02,384][    INFO] --- 出参：{"result_message":"验证码校验失败,信息为空","result_code":"8"} (logger.py:61)
[2019-01-05 16:30:04,377][    INFO] --- url: /passport/web/auth/uamtk
入参: {'appid': 'otn'}
请求方式: post
 (logger.py:61)
[2019-01-05 16:30:04,657][    INFO] --- 出参：{"result_message":"用户未登录","result_code":1} (logger.py:61)
[2019-01-05 16:30:04,657][    INFO] --- url: /passport/captcha/captcha-check
入参: {'answer': '', 'rand': 'sjrand', 'login_site': 'E'}
请求方式: post
 (logger.py:61)
[2019-01-05 16:30:04,938][    INFO] --- 出参：{"result_message":"验证码校验失败,信息为空","result_code":"8"} (logger.py:61)
[2019-01-05 16:30:07,009][    INFO] --- url: /passport/web/auth/uamtk
入参: {'appid': 'otn'}
请求方式: post
 (logger.py:61)
[2019-01-05 16:30:07,167][    INFO] --- 出参：{"result_message":"用户未登录","result_code":1} (logger.py:61)
[2019-01-05 16:30:07,167][    INFO] --- url: /passport/captcha/captcha-check
入参: {'answer': '', 'rand': 'sjrand', 'login_site': 'E'}
请求方式: post
 (logger.py:61)
[2019-01-05 16:30:07,332][    INFO] --- 出参：{"result_message":"验证码校验失败,信息为空","result_code":"8"} (logger.py:61)
[2019-01-05 16:30:09,344][    INFO] --- url: /passport/web/auth/uamtk
入参: {'appid': 'otn'}
请求方式: post
 (logger.py:61)
[2019-01-05 16:30:09,619][    INFO] --- 出参：{"result_message":"用户未登录","result_code":1} (logger.py:61)
[2019-01-05 16:30:09,619][    INFO] --- url: /passport/captcha/captcha-check
入参: {'answer': '', 'rand': 'sjrand', 'login_site': 'E'}
请求方式: post
 (logger.py:61)
[2019-01-05 16:30:09,780][    INFO] --- 出参：{"result_message":"验证码校验失败,信息为空","result_code":"8"} (logger.py:61)
[2019-01-05 16:30:11,618][    INFO] --- url: /passport/web/auth/uamtk
入参: {'appid': 'otn'}
请求方式: post
 (logger.py:61)
[2019-01-05 16:30:11,881][    INFO] --- 出参：{"result_message":"用户未登录","result_code":1} (logger.py:61)
[2019-01-05 16:30:11,881][    INFO] --- url: /passport/captcha/captcha-check
入参: {'answer': '', 'rand': 'sjrand', 'login_site': 'E'}
请求方式: post
 (logger.py:61)
[2019-01-05 16:30:12,154][    INFO] --- 出参：{"result_message":"验证码校验失败,信息为空","result_code":"8"} (logger.py:61)
[2019-01-05 16:30:14,187][    INFO] --- url: /passport/web/auth/uamtk
入参: {'appid': 'otn'}
请求方式: post
 (logger.py:61)
[2019-01-05 16:30:14,453][    INFO] --- 出参：{"result_message":"用户未登录","result_code":1} (logger.py:61)
[2019-01-05 16:30:14,453][    INFO] --- url: /passport/captcha/captcha-check
入参: {'answer': '', 'rand': 'sjrand', 'login_site': 'E'}
请求方式: post
 (logger.py:61)
[2019-01-05 16:30:14,615][    INFO] --- 出参：{"result_message":"验证码校验失败,信息为空","result_code":"8"} (logger.py:61)
[2019-01-05 16:30:16,607][    INFO] --- url: /passport/web/auth/uamtk
入参: {'appid': 'otn'}
请求方式: post
 (logger.py:61)
[2019-01-05 16:30:16,769][    INFO] --- 出参：{"result_message":"用户未登录","result_code":1} (logger.py:61)
[2019-01-05 16:30:16,769][    INFO] --- url: /passport/captcha/captcha-check
入参: {'answer': '', 'rand': 'sjrand', 'login_site': 'E'}
请求方式: post
 (logger.py:61)
[2019-01-05 16:30:16,930][    INFO] --- 出参：{"result_message":"验证码校验失败,信息为空","result_code":"8"} (logger.py:61)
[2019-01-05 16:30:18,930][    INFO] --- url: /passport/web/auth/uamtk
入参: {'appid': 'otn'}
请求方式: post
 (logger.py:61)
[2019-01-05 16:30:19,204][    INFO] --- 出参：{"result_message":"用户未登录","result_code":1} (logger.py:61)
[2019-01-05 16:30:19,204][    INFO] --- url: /passport/captcha/captcha-check
入参: {'answer': '', 'rand': 'sjrand', 'login_site': 'E'}
请求方式: post
 (logger.py:61)
[2019-01-05 16:30:19,367][    INFO] --- 出参：{"result_message":"验证码校验失败,信息为空","result_code":"8"} (logger.py:61)
[2019-01-05 16:30:21,358][    INFO] --- url: /passport/web/auth/uamtk
入参: {'appid': 'otn'}
请求方式: post
 (logger.py:61)
[2019-01-05 16:30:21,635][    INFO] --- 出参：{"result_message":"用户未登录","result_code":1} (logger.py:61)
[2019-01-05 16:30:21,637][    INFO] --- url: /passport/captcha/captcha-check
入参: {'answer': '', 'rand': 'sjrand', 'login_site': 'E'}
请求方式: post
 (logger.py:61)
[2019-01-05 16:30:21,808][    INFO] --- 出参：{"result_message":"验证码校验失败,信息为空","result_code":"8"} (logger.py:61)
[2019-01-05 16:30:23,796][    INFO] --- url: /passport/web/auth/uamtk
入参: {'appid': 'otn'}
请求方式: post
 (logger.py:61)
[2019-01-05 16:30:23,953][    INFO] --- 出参：{"result_message":"用户未登录","result_code":1} (logger.py:61)
[2019-01-05 16:30:23,953][    INFO] --- url: /passport/captcha/captcha-check
入参: {'answer': '', 'rand': 'sjrand', 'login_site': 'E'}
请求方式: post
 (logger.py:61)
[2019-01-05 16:30:24,217][    INFO] --- 出参：{"result_message":"验证码校验失败,信息为空","result_code":"8"} (logger.py:61)
[2019-01-05 16:30:29,980][    INFO] --- url: /passport/web/auth/uamtk
入参: {'appid': 'otn'}
请求方式: post
 (logger.py:61)
[2019-01-05 16:30:30,138][    INFO] --- 出参：{"result_message":"用户未登录","result_code":1} (logger.py:61)
[2019-01-05 16:30:30,140][    INFO] --- url: /passport/captcha/captcha-check
入参: {'answer': '184,45,252,111', 'rand': 'sjrand', 'login_site': 'E'}
请求方式: post
 (logger.py:61)
[2019-01-05 16:30:30,348][    INFO] --- 出参：{"result_message":"验证码校验失败","result_code":"5"} (logger.py:61)
[2019-01-05 16:30:35,943][    INFO] --- url: /passport/web/auth/uamtk
入参: {'appid': 'otn'}
请求方式: post
 (logger.py:61)
[2019-01-05 16:30:36,101][    INFO] --- 出参：{"result_message":"用户未登录","result_code":1} (logger.py:61)
[2019-01-05 16:30:36,101][    INFO] --- url: /passport/captcha/captcha-check
入参: {'answer': '252,111', 'rand': 'sjrand', 'login_site': 'E'}
请求方式: post
 (logger.py:61)
[2019-01-05 16:30:36,273][    INFO] --- 出参：{"result_message":"验证码校验成功","result_code":"4"} (logger.py:61)
[2019-01-05 16:30:36,273][    INFO] --- url: /passport/web/login
入参: {'username': 'TARDIS93', 'password': 'less2274353332', 'appid': 'otn'}
请求方式: post
 (logger.py:61)
[2019-01-05 16:30:36,441][    INFO] --- 出参：{"result_message":"登录成功","result_code":0,"uamtk":"RWh3qNzlgUFPMLYT1lQVYc4rxgyfAUOBbwDO_wijT2T0"} (logger.py:61)
[2019-01-05 16:30:36,443][    INFO] --- url: /passport/web/auth/uamtk
入参: {'appid': 'otn'}
请求方式: post
 (logger.py:61)
[2019-01-05 16:30:36,605][    INFO] --- 出参：{"result_message":"验证通过","result_code":0,"apptk":null,"newapptk":"wBGU2r3BpNHVAzk6n6r119JASVy0YjHUP79Qxgy0T2T0"} (logger.py:61)
[2019-01-05 16:30:36,605][    INFO] --- url: /otn/uamauthclient
入参: {'tk': u'wBGU2r3BpNHVAzk6n6r119JASVy0YjHUP79Qxgy0T2T0'}
请求方式: post
 (logger.py:61)
[2019-01-05 16:30:36,782][    INFO] --- 出参：{"apptk":"wBGU2r3BpNHVAzk6n6r119JASVy0YjHUP79Qxgy0T2T0","result_code":0,"result_message":"验证通过","username":"刘成军"} (logger.py:61)
[2019-01-05 16:30:36,783][    INFO] --- url: /otn/login/checkUser
入参: {'_json_att': ''}
请求方式: post
 (logger.py:61)
[2019-01-05 16:30:36,944][    INFO] --- 出参：{"validateMessagesShowId":"_validatorMessage","status":true,"httpstatus":200,"data":{"flag":true},"messages":[],"validateMessages":{}} (logger.py:61)
[2019-01-05 16:30:54,946][    INFO] --- url: /otn/login/checkUser
入参: {'_json_att': ''}
请求方式: post
 (logger.py:61)
[2019-01-05 16:30:55,114][    INFO] --- 出参：{"validateMessagesShowId":"_validatorMessage","status":true,"httpstatus":200,"data":{"flag":true},"messages":[],"validateMessages":{}} (logger.py:61)
[2019-01-05 16:31:13,115][    INFO] --- url: /otn/login/checkUser
入参: {'_json_att': ''}
请求方式: post
 (logger.py:61)
[2019-01-05 16:31:13,380][    INFO] --- 出参：{"validateMessagesShowId":"_validatorMessage","status":true,"httpstatus":200,"data":{"flag":true},"messages":[],"validateMessages":{}} (logger.py:61)
[2019-01-05 16:31:31,381][    INFO] --- url: /otn/login/checkUser
入参: {'_json_att': ''}
请求方式: post
 (logger.py:61)
[2019-01-05 16:31:31,655][    INFO] --- 出参：{"validateMessagesShowId":"_validatorMessage","status":true,"httpstatus":200,"data":{"flag":true},"messages":[],"validateMessages":{}} (logger.py:61)
[2019-01-05 16:31:49,657][    INFO] --- url: /otn/login/checkUser
入参: {'_json_att': ''}
请求方式: post
 (logger.py:61)
[2019-01-05 16:31:49,933][    INFO] --- 出参：{"validateMessagesShowId":"_validatorMessage","status":true,"httpstatus":200,"data":{"flag":true},"messages":[],"validateMessages":{}} (logger.py:61)
[2019-01-05 16:32:07,934][    INFO] --- url: /otn/login/checkUser
入参: {'_json_att': ''}
请求方式: post
 (logger.py:61)
[2019-01-05 16:32:08,233][    INFO] --- 出参：{"validateMessagesShowId":"_validatorMessage","status":true,"httpstatus":200,"data":{"flag":true},"messages":[],"validateMessages":{}} (logger.py:61)
[2019-01-05 16:32:26,234][    INFO] --- url: /otn/login/checkUser
入参: {'_json_att': ''}
请求方式: post
 (logger.py:61)
[2019-01-05 16:32:26,394][    INFO] --- 出参：{"validateMessagesShowId":"_validatorMessage","status":true,"httpstatus":200,"data":{"flag":true},"messages":[],"validateMessages":{}} (logger.py:61)
[2019-01-05 16:32:44,395][    INFO] --- url: /otn/login/checkUser
入参: {'_json_att': ''}
请求方式: post
 (logger.py:61)
[2019-01-05 16:32:44,667][    INFO] --- 出参：{"validateMessagesShowId":"_validatorMessage","status":true,"httpstatus":200,"data":{"flag":true},"messages":[],"validateMessages":{}} (logger.py:61)
[2019-01-05 16:33:02,668][    INFO] --- url: /otn/login/checkUser
入参: {'_json_att': ''}
请求方式: post
 (logger.py:61)
[2019-01-05 16:33:02,940][    INFO] --- 出参：{"validateMessagesShowId":"_validatorMessage","status":true,"httpstatus":200,"data":{"flag":true},"messages":[],"validateMessages":{}} (logger.py:61)
[2019-01-05 16:33:20,941][    INFO] --- url: /otn/login/checkUser
入参: {'_json_att': ''}
请求方式: post
 (logger.py:61)
[2019-01-05 16:33:21,111][    INFO] --- 出参：{"validateMessagesShowId":"_validatorMessage","status":true,"httpstatus":200,"data":{"flag":true},"messages":[],"validateMessages":{}} (logger.py:61)
[2019-01-05 16:33:39,114][    INFO] --- url: /otn/login/checkUser
入参: {'_json_att': ''}
请求方式: post
 (logger.py:61)
[2019-01-05 16:33:39,391][    INFO] --- 出参：{"validateMessagesShowId":"_validatorMessage","status":true,"httpstatus":200,"data":{"flag":true},"messages":[],"validateMessages":{}} (logger.py:61)
[2019-01-05 16:33:57,392][    INFO] --- url: /otn/login/checkUser
入参: {'_json_att': ''}
请求方式: post
 (logger.py:61)
[2019-01-05 16:33:57,667][    INFO] --- 出参：{"validateMessagesShowId":"_validatorMessage","status":true,"httpstatus":200,"data":{"flag":true},"messages":[],"validateMessages":{}} (logger.py:61)
[2019-01-05 16:34:15,668][    INFO] --- url: /otn/login/checkUser
入参: {'_json_att': ''}
请求方式: post
 (logger.py:61)
[2019-01-05 16:34:15,937][    INFO] --- 出参：{"validateMessagesShowId":"_validatorMessage","status":true,"httpstatus":200,"data":{"flag":true},"messages":[],"validateMessages":{}} (logger.py:61)
[2019-01-05 16:34:33,938][    INFO] --- url: /otn/login/checkUser
入参: {'_json_att': ''}
请求方式: post
 (logger.py:61)
[2019-01-05 16:34:35,476][    INFO] --- 出参：{"validateMessagesShowId":"_validatorMessage","status":true,"httpstatus":200,"data":{"flag":true},"messages":[],"validateMessages":{}} (logger.py:61)
[2019-01-05 16:34:53,477][    INFO] --- url: /otn/login/checkUser
入参: {'_json_att': ''}
请求方式: post
 (logger.py:61)
[2019-01-05 16:34:53,772][    INFO] --- 出参：{"validateMessagesShowId":"_validatorMessage","status":true,"httpstatus":200,"data":{"flag":true},"messages":[],"validateMessages":{}} (logger.py:61)
[2019-01-05 16:35:11,773][    INFO] --- url: /otn/login/checkUser
入参: {'_json_att': ''}
请求方式: post
 (logger.py:61)
[2019-01-05 16:35:12,053][    INFO] --- 出参：{"validateMessagesShowId":"_validatorMessage","status":true,"httpstatus":200,"data":{"flag":true},"messages":[],"validateMessages":{}} (logger.py:61)
[2019-01-05 16:35:30,055][    INFO] --- url: /otn/login/checkUser
入参: {'_json_att': ''}
请求方式: post
 (logger.py:61)
[2019-01-05 16:35:30,323][    INFO] --- 出参：{"validateMessagesShowId":"_validatorMessage","status":true,"httpstatus":200,"data":{"flag":true},"messages":[],"validateMessages":{}} (logger.py:61)
[2019-01-05 16:35:48,325][    INFO] --- url: /otn/login/checkUser
入参: {'_json_att': ''}
请求方式: post
 (logger.py:61)
[2019-01-05 16:35:48,598][    INFO] --- 出参：{"validateMessagesShowId":"_validatorMessage","status":true,"httpstatus":200,"data":{"flag":true},"messages":[],"validateMessages":{}} (logger.py:61)
[2019-01-05 16:36:06,599][    INFO] --- url: /otn/login/checkUser
入参: {'_json_att': ''}
请求方式: post
 (logger.py:61)
[2019-01-05 16:36:06,880][    INFO] --- 出参：{"validateMessagesShowId":"_validatorMessage","status":true,"httpstatus":200,"data":{"flag":true},"messages":[],"validateMessages":{}} (logger.py:61)
[2019-01-05 16:36:24,881][    INFO] --- url: /otn/login/checkUser
入参: {'_json_att': ''}
请求方式: post
 (logger.py:61)
[2019-01-05 16:36:25,036][    INFO] --- 出参：{"validateMessagesShowId":"_validatorMessage","status":true,"httpstatus":200,"data":{"flag":true},"messages":[],"validateMessages":{}} (logger.py:61)
[2019-01-05 16:36:43,038][    INFO] --- url: /otn/login/checkUser
入参: {'_json_att': ''}
请求方式: post
 (logger.py:61)
[2019-01-05 16:36:47,523][    INFO] --- 出参：{"validateMessagesShowId":"_validatorMessage","status":true,"httpstatus":200,"data":{"flag":true},"messages":[],"validateMessages":{}} (logger.py:61)
[2019-01-05 16:37:05,523][    INFO] --- url: /otn/login/checkUser
入参: {'_json_att': ''}
请求方式: post
 (logger.py:61)
[2019-01-05 16:37:05,838][    INFO] --- 出参：{"validateMessagesShowId":"_validatorMessage","status":true,"httpstatus":200,"data":{"flag":true},"messages":[],"validateMessages":{}} (logger.py:61)
[2019-01-05 16:37:23,841][    INFO] --- url: /otn/login/checkUser
入参: {'_json_att': ''}
请求方式: post
 (logger.py:61)
[2019-01-05 16:37:24,009][    INFO] --- 出参：{"validateMessagesShowId":"_validatorMessage","status":true,"httpstatus":200,"data":{"flag":true},"messages":[],"validateMessages":{}} (logger.py:61)
[2019-01-05 16:37:42,010][    INFO] --- url: /otn/login/checkUser
入参: {'_json_att': ''}
请求方式: post
 (logger.py:61)
[2019-01-05 16:37:42,176][    INFO] --- 出参：{"validateMessagesShowId":"_validatorMessage","status":true,"httpstatus":200,"data":{"flag":true},"messages":[],"validateMessages":{}} (logger.py:61)
[2019-01-05 16:38:00,177][    INFO] --- url: /otn/login/checkUser
入参: {'_json_att': ''}
请求方式: post
 (logger.py:61)
[2019-01-05 16:38:01,345][    INFO] --- 出参：{"validateMessagesShowId":"_validatorMessage","status":true,"httpstatus":200,"data":{"flag":true},"messages":[],"validateMessages":{}} (logger.py:61)
[2019-01-05 16:38:19,345][    INFO] --- url: /otn/login/checkUser
入参: {'_json_att': ''}
请求方式: post
 (logger.py:61)
[2019-01-05 16:38:19,536][    INFO] --- 出参：{"validateMessagesShowId":"_validatorMessage","status":true,"httpstatus":200,"data":{"flag":true},"messages":[],"validateMessages":{}} (logger.py:61)
[2019-01-05 16:38:37,538][    INFO] --- url: /otn/login/checkUser
入参: {'_json_att': ''}
请求方式: post
 (logger.py:61)
[2019-01-05 16:38:37,710][    INFO] --- 出参：{"validateMessagesShowId":"_validatorMessage","status":true,"httpstatus":200,"data":{"flag":true},"messages":[],"validateMessages":{}} (logger.py:61)
[2019-01-05 16:38:55,711][    INFO] --- url: /otn/login/checkUser
入参: {'_json_att': ''}
请求方式: post
 (logger.py:61)
[2019-01-05 16:38:55,884][    INFO] --- 出参：{"validateMessagesShowId":"_validatorMessage","status":true,"httpstatus":200,"data":{"flag":true},"messages":[],"validateMessages":{}} (logger.py:61)
[2019-01-05 16:39:13,884][    INFO] --- url: /otn/login/checkUser
入参: {'_json_att': ''}
请求方式: post
 (logger.py:61)
[2019-01-05 16:39:14,197][    INFO] --- 出参：{"validateMessagesShowId":"_validatorMessage","status":true,"httpstatus":200,"data":{"flag":true},"messages":[],"validateMessages":{}} (logger.py:61)
[2019-01-05 16:39:32,197][    INFO] --- url: /otn/login/checkUser
入参: {'_json_att': ''}
请求方式: post
 (logger.py:61)
[2019-01-05 16:39:32,371][    INFO] --- 出参：{"validateMessagesShowId":"_validatorMessage","status":true,"httpstatus":200,"data":{"flag":true},"messages":[],"validateMessages":{}} (logger.py:61)
[2019-01-05 16:39:50,371][    INFO] --- url: /otn/login/checkUser
入参: {'_json_att': ''}
请求方式: post
 (logger.py:61)
[2019-01-05 16:39:50,536][    INFO] --- 出参：{"validateMessagesShowId":"_validatorMessage","status":true,"httpstatus":200,"data":{"flag":true},"messages":[],"validateMessages":{}} (logger.py:61)
[2019-01-05 16:40:08,536][    INFO] --- url: /otn/login/checkUser
入参: {'_json_att': ''}
请求方式: post
 (logger.py:61)
[2019-01-05 16:40:08,721][    INFO] --- 出参：{"validateMessagesShowId":"_validatorMessage","status":true,"httpstatus":200,"data":{"flag":true},"messages":[],"validateMessages":{}} (logger.py:61)
